2026-04-20 15:57:58,945 - INFO - Your Data Processing is intialized...
2026-04-20 15:57:58,945 - INFO - Starting our Data Processing Pipleine...
2026-04-20 15:57:58,979 - INFO - Read the data sucesfully
2026-04-20 15:57:58,981 - ERROR - Error while preprocessing data 'Age'
2026-04-20 15:57:58,981 - ERROR - Error while Data Processing Pipleine CustomException.__init__() missing 1 required positional argument: 'error_detail'
2026-04-20 16:02:17,084 - INFO - Your Data Processing is intialized...
2026-04-20 16:02:17,084 - INFO - Starting our Data Processing Pipleine...
2026-04-20 16:02:17,096 - INFO - Read the data sucesfully
2026-04-20 16:02:17,097 - ERROR - Error while preprocessing data 'Age'
2026-04-20 16:02:17,097 - ERROR - Error while Data Processing Pipleine Error in C:\Users\Administrateur\Desktop\MLFLOW\mlops-project-survivor\src\data_processing.py , line 41 : 'Age'
2026-04-20 18:03:13,177 - INFO - Your Data Processing is intialized...
2026-04-20 18:03:13,178 - INFO - Starting our Data Processing Pipleine...
2026-04-20 18:03:13,196 - INFO - Read the data sucesfully
2026-04-20 18:03:13,222 - ERROR - Error while preprocessing data 'sibSp'
2026-04-20 18:03:13,222 - ERROR - Error while Data Processing Pipleine Error in C:\Users\Administrateur\Desktop\MLFLOW\mlops-project-survivor\src\data_processing.py , line 48 : 'sibSp'
2026-04-20 18:04:45,410 - INFO - Your Data Processing is intialized...
2026-04-20 18:04:45,411 - INFO - Starting our Data Processing Pipleine...
2026-04-20 18:04:45,419 - INFO - Read the data sucesfully
2026-04-20 18:04:45,435 - INFO - Data Preprocessing done...
2026-04-20 18:04:45,460 - INFO - Hanled imbalance data sucesfully...
2026-04-20 18:04:45,461 - ERROR - Error while feature storing data 'PassengerId'
2026-04-20 18:04:45,462 - ERROR - Error while Data Processing Pipleine Error in C:\Users\Administrateur\Desktop\MLFLOW\mlops-project-survivor\src\data_processing.py , line 85 : 'PassengerId'
2026-04-20 18:05:55,093 - INFO - Your Data Processing is intialized...
2026-04-20 18:05:55,094 - INFO - Starting our Data Processing Pipleine...
2026-04-20 18:05:55,103 - INFO - Read the data sucesfully
2026-04-20 18:05:55,113 - INFO - Data Preprocessing done...
2026-04-20 18:05:55,124 - INFO - Hanled imbalance data sucesfully...
2026-04-20 18:05:55,125 - ERROR - Error while feature storing data 'PassengerId'
2026-04-20 18:05:55,125 - ERROR - Error while Data Processing Pipleine Error in C:\Users\Administrateur\Desktop\MLFLOW\mlops-project-survivor\src\data_processing.py , line 85 : 'PassengerId'
2026-04-20 18:06:26,127 - INFO - Your Data Processing is intialized...
2026-04-20 18:06:26,127 - INFO - Starting our Data Processing Pipleine...
2026-04-20 18:06:26,136 - INFO - Read the data sucesfully
2026-04-20 18:06:26,145 - INFO - Data Preprocessing done...
2026-04-20 18:06:26,153 - INFO - Hanled imbalance data sucesfully...
2026-04-20 18:06:26,154 - ERROR - Error while feature storing data 'Pclass'
2026-04-20 18:06:26,154 - ERROR - Error while Data Processing Pipleine Error in C:\Users\Administrateur\Desktop\MLFLOW\mlops-project-survivor\src\data_processing.py , line 89 : 'Pclass'
2026-04-20 18:06:58,155 - INFO - Your Data Processing is intialized...
2026-04-20 18:06:58,155 - INFO - Starting our Data Processing Pipleine...
2026-04-20 18:06:58,165 - INFO - Read the data sucesfully
2026-04-20 18:06:58,174 - INFO - Data Preprocessing done...
2026-04-20 18:06:58,183 - INFO - Hanled imbalance data sucesfully...
2026-04-20 18:06:59,311 - INFO - Data has been feeded into Feature Store..
2026-04-20 18:06:59,312 - INFO - End of pipeline Data Processing...
